【FROM 'url_get_list.php' log】: http://tech.ifeng.com/internet/detail_2013_06/02/25987485_0.shtml
【FROM 'url_get_list.php' log】: http://tech.ifeng.com/internet/detail_2013_04/18/24342882_0.shtml
【FROM 'url_get_list.php' log】: http://tech.ifeng.com/internet/detail_2013_05/10/25142312_0.shtml
【FROM 'url_get_list.php' log】: http://tech.ifeng.com/internet/detail_2013_04/10/24057621_0.shtml
【FROM 'url_get_list.php' log】: http://tech.ifeng.com/internet/detail_2013_03/25/23473100_0.shtml
【FROM 'url_get_list.php' log】: http://tech.ifeng.com/it/detail_2013_06/02/25988155_0.shtml
【FROM 'url_get_list.php' log】: http://tech.ifeng.com/it/detail_2013_05/18/25448711_0.shtml
【FROM 'url_get_list.php' log】: http://tech.ifeng.com/it/detail_2013_05/13/25231457_0.shtml
【FROM 'url_get_list.php' log】: http://tech.ifeng.com/internet/detail_2013_06/02/25987619_0.shtml
【FROM 'url_get_list.php' log】: http://tech.ifeng.com/internet/detail_2013_06/01/25973045_0.shtml
【FROM 'url_get_list.php' log】: http://tech.ifeng.com/telecom/detail_2013_06/02/25990657_0.shtml
【FROM 'url_get_list.php' log】: http://tech.ifeng.com/it/detail_2013_06/02/25987989_0.shtml
【FROM 'url_get_list.php' log】: http://tech.ifeng.com/internet/detail_2013_06/02/25988247_0.shtml
【FROM 'url_get_list.php' log】: http://tech.ifeng.com/it/detail_2013_06/02/25990928_0.shtml
【FROM 'url_get_list.php' log】: http://tech.ifeng.com/internet/detail_2013_06/01/25971654_0.shtml
【FROM 'url_get_list.php' log】: http://tech.ifeng.com/it/detail_2013_06/02/25990787_0.shtml
【FROM 'url_get_list.php' log】: http://tech.ifeng.com/internet/detail_2013_06/02/25987146_0.shtml
【FROM 'url_get_list.php' log】: http://tech.ifeng.com/internet/detail_2013_06/02/25989826_0.shtml
【FROM 'url_get_list.php' log】: http://tech.ifeng.com/telecom/detail_2013_06/02/25987810_0.shtml
【FROM 'url_get_list.php' log】: http://tech.ifeng.com/internet/detail_2013_06/01/25971678_0.shtml
【FROM 'url_get_list.php' log】: http://tech.ifeng.com/internet/detail_2013_06/02/25988894_0.shtml
【FROM 'url_get_list.php' log】: http://tech.ifeng.com/digi/mobile/
【FROM 'url_get_list.php' log】: http://tech.ifeng.com/digi/mobile/shopping/detail_2013_06/01/25971544_0.shtml
【FROM 'url_get_list.php' log】: http://tech.ifeng.com/digi/mobile/shopping/detail_2013_06/01/25971692_0.shtml
【FROM 'url_get_list.php' log】: http://tech.ifeng.com/digi/mobile/shopping/detail_2013_01/30/21753210_0.shtml
【FROM 'url_get_list.php' log】: http://tech.ifeng.com/digi/nbook/shopping/detail_2013_06/01/25973208_0.shtml
【FROM 'url_get_list.php' log】: http://tech.ifeng.com/digi/dc/smxj/shopping/detail_2013_06/01/25972167_0.shtml
【FROM 'url_get_list.php' log】: http://tech.ifeng.com/discovery/
【FROM 'url_get_list.php' log】: http://tech.ifeng.com/discovery/detail_2013_05/31/25929476_0.shtml
【FROM 'url_get_list.php' log】: http://tech.ifeng.com/discovery/animal-pic/detail_2013_05/31/25930173_0.shtml
【FROM 'url_get_list.php' log】: http://tech.ifeng.com/internet/detail_2013_06/02/25991179_0.shtml
【FROM 'url_get_list.php' log】: http://tech.ifeng.com/internet/detail_2013_06/01/25973843_0.shtml
【FROM 'url_get_list.php' log】: http://tech.ifeng.com/internet/detail_2013_06/01/25972314_0.shtml
【FROM 'url_get_list.php' log】: http://tech.ifeng.com/internet/detail_2013_06/01/25969322_0.shtml
【FROM 'url_get_list.php' log】: http://tech.ifeng.com/internet/detail_2013_05/31/25944377_0.shtml
【FROM 'url_get_list.php' log】: http://tech.ifeng.com/internet/detail_2013_05/31/25942305_0.shtml
【FROM 'url_get_list.php' log】: http://tech.ifeng.com/internet/detail_2013_05/31/25942137_0.shtml
【FROM 'url_get_list.php' log】: http://tech.ifeng.com/internet/detail_2013_05/31/25941333_0.shtml
【FROM 'url_get_list.php' log】: http://tech.ifeng.com/3g/
【FROM 'url_get_list.php' log】: http://tech.ifeng.com/telecom/detail_2013_06/01/25972923_0.shtml
【FROM 'url_get_list.php' log】: http://tech.ifeng.com/telecom/detail_2013_05/31/25958633_0.shtml
【FROM 'url_get_list.php' log】: http://tech.ifeng.com/telecom/detail_2013_05/31/25957189_0.shtml
【FROM 'url_get_list.php' log】: http://tech.ifeng.com/telecom/detail_2013_05/31/25951638_0.shtml
【FROM 'url_get_list.php' log】: http://tech.ifeng.com/3g/detail_2013_05/29/25859939_0.shtml
【FROM 'url_get_list.php' log】: http://tech.ifeng.com/3g/detail_2013_05/29/25838896_0.shtml
【FROM 'url_get_list.php' log】: http://tech.ifeng.com/elec/
【FROM 'url_get_list.php' log】: http://tech.ifeng.com/it/detail_2013_05/31/25958638_0.shtml
【FROM 'url_get_list.php' log】: http://tech.ifeng.com/it/detail_2013_05/31/25957608_0.shtml
【FROM 'url_get_list.php' log】: http://tech.ifeng.com/it/detail_2013_05/31/25944138_0.shtml
【FROM 'url_get_list.php' log】: http://tech.ifeng.com/it/detail_2013_05/31/25942593_0.shtml
【FROM 'url_get_list.php' log】: http://tech.ifeng.com/it/detail_2013_05/31/25938719_0.shtml
【FROM 'url_get_list.php' log】: http://tech.ifeng.com/elec/detail_2013_05/31/25935910_0.shtml
【FROM 'url_get_list.php' log】: http://tech.ifeng.com/elec/detail_2013_05/30/25892362_0.shtml
【FROM 'url_get_list.php' log】: http://tech.ifeng.com/elec/detail_2013_05/29/25835158_0.shtml
