【FROM 'picture_delete_item.php' log】: 
【FROM 'picture_delete_item.php' log】: 
【FROM 'picture_delete_item.php' log】: D:/work/daCMS/uploads/picture/20130617/20130617234635_39998.gif
【FROM 'picture_delete_item.php' log】: 
【FROM 'picture_delete_item.php' log】: 
【FROM 'picture_delete_item.php' log】: D:/work/daCMS/uploads/picture/20130617/20130617234635_37144.jpg
【FROM 'picture_delete_item.php' log】: 
【FROM 'picture_delete_item.php' log】: 
【FROM 'picture_delete_item.php' log】: D:/work/daCMS/uploads/picture/20130617/20130617234635_73435.jpg
【FROM 'picture_delete_item.php' log】: 
【FROM 'picture_delete_item.php' log】: 
【FROM 'picture_delete_item.php' log】: D:/work/daCMS
【FROM 'picture_delete_item.php' log】: 
【FROM 'picture_delete_item.php' log】: 
【FROM 'picture_delete_item.php' log】: D:/work/daCMS/uploads/picture/20130617/20130617234830_22279.jpg
【FROM 'picture_delete_item.php' log】: 
【FROM 'picture_delete_item.php' log】: 
【FROM 'picture_delete_item.php' log】: D:/work/daCMS/uploads/picture/20130617/20130617234829_60245.jpg
【FROM 'picture_delete_item.php' log】: 
【FROM 'picture_delete_item.php' log】: 
【FROM 'picture_delete_item.php' log】: D:/work/daCMS/uploads/picture/20130617/20130617234829_39577.gif
【FROM 'picture_delete_item.php' log】: 
【FROM 'picture_delete_item.php' log】: 
【FROM 'picture_delete_item.php' log】: D:/work/daCMS/uploads/picture/20130617/20130617235030_22653.png
【FROM 'picture_delete_item.php' log】: 
【FROM 'picture_delete_item.php' log】: 
【FROM 'picture_delete_item.php' log】: D:/work/daCMS/uploads/picture/20130617/20130617235029_39674.jpg
【FROM 'picture_delete_item.php' log】: 
【FROM 'picture_delete_item.php' log】: 
【FROM 'picture_delete_item.php' log】: D:/work/daCMS/uploads/picture/20130617/20130617235030_10255.jpg
【FROM 'picture_delete_item.php' log】: 
【FROM 'picture_delete_item.php' log】: 
【FROM 'picture_delete_item.php' log】: D:/work/daCMS/uploads/picture/20130617/20130617235030_42217.png
【FROM 'picture_delete_item.php' log】: 
【FROM 'picture_delete_item.php' log】: 
【FROM 'picture_delete_item.php' log】: D:/work/daCMS/uploads/picture/20130617/20130617235030_42791.jpg
【FROM 'picture_delete_item.php' log】: 
【FROM 'picture_delete_item.php' log】: 
【FROM 'picture_delete_item.php' log】: D:/work/daCMS/uploads/picture/20130617/20130617235030_47705.gif
【FROM 'picture_delete_item.php' log】: 
【FROM 'picture_delete_item.php' log】: 
【FROM 'picture_delete_item.php' log】: D:/work/daCMS/uploads/picture/20130617/20130617235030_58760.gif
【FROM 'picture_delete_item.php' log】: 
【FROM 'picture_delete_item.php' log】: 
【FROM 'picture_delete_item.php' log】: D:/work/daCMS/uploads/picture/20130617/20130617235030_69848.jpg
